<?xml version="1.0" encoding="UTF-8"?>
<!-- Generated by org.testng.reporters.JUnitReportReporter -->
<testsuite hostname="2016-smalldisk" failures="0" tests="5" name="com.cgi.runner.RunnerTest" time="0.260" errors="0" timestamp="2025-07-16T07:47:49 UTC" skipped="0">
  <testcase classname="com.cgi.runner.RunnerTest" name="runScenario" time="0.024"/>
  <testcase classname="com.cgi.runner.RunnerTest" name="runScenario" time="0.012"/>
  <testcase classname="com.cgi.runner.RunnerTest" name="runScenario" time="0.009"/>
  <testcase classname="com.cgi.runner.RunnerTest" name="runScenario" time="0.023"/>
  <testcase classname="com.cgi.runner.RunnerTest" name="runScenario" time="0.192"/>
</testsuite> <!-- com.cgi.runner.RunnerTest -->
